<?xml version="1.0" encoding="UTF-8"?>
<!-- Generated by org.testng.reporters.JUnitXMLReporter -->
<testsuite ignored="0" hostname="Abdulraheem" failures="0" tests="11" name="Default test" time="26.373" errors="0" timestamp="2024-08-20T19:22:53 EET">
  <testcase classname="homePage.myTestcases" name="CheckTheDefaultLangugeIsEnglish" time="0.023"/>
  <testcase classname="homePage.myTestcases" name="CheckdefaultCurrency" time="0.026"/>
  <testcase classname="homePage.myTestcases" name="CheckContactNumber" time="0.02"/>
  <testcase classname="homePage.myTestcases" name="CheckQitagLogo" time="0.092"/>
  <testcase classname="homePage.myTestcases" name="TestHotelTabIsNotSelected" time="0.018"/>
  <testcase classname="homePage.myTestcases" name="CheckDepatureDate" time="0.027"/>
  <testcase classname="homePage.myTestcases" name="RandomlyChangeTheLanguage" time="0.832"/>
  <testcase classname="homePage.myTestcases" name="FillHotelTab" time="0.344"/>
  <testcase classname="homePage.myTestcases" name="RandomlySelectTheNumberOfVistor" time="2.753"/>
  <testcase classname="homePage.myTestcases" name="CheckThePageFullyLoaded" time="18.242"/>
  <testcase classname="homePage.myTestcases" name="SortItemsLowestToHighestPrice" time="0.344"/>
</testsuite> <!-- Default test -->
