<?xml version="1.0" encoding="UTF-8"?>
<testng-results ignored="0" total="11" passed="11" failed="0" skipped="0">
  <reporter-output>
  </reporter-output>
  <suite started-at="2024-08-20T19:22:27 EET" name="Default suite" finished-at="2024-08-20T19:22:53 EET" duration-ms="26373">
    <groups>
    </groups>
    <test started-at="2024-08-20T19:22:27 EET" name="Default test" finished-at="2024-08-20T19:22:53 EET" duration-ms="26373">
      <class name="homePage.myTestcases">
        <test-method is-config="true" signature="mySetup()[pri:0, instance:homePage.myTestcases@6d9f7a80]" started-at="2024-08-20T19:22:27 EET" name="mySetup" finished-at="2024-08-20T19:22:30 EET" duration-ms="3623" status="PASS">
          <reporter-output>
          </reporter-output>
        </test-method> <!-- mySetup -->
        <test-method signature="CheckTheDefaultLangugeIsEnglish()[pri:1, instance:homePage.myTestcases@6d9f7a80]" started-at="2024-08-20T19:22:30 EET" name="CheckTheDefaultLangugeIsEnglish" finished-at="2024-08-20T19:22:30 EET" duration-ms="23" status="PASS">
          <reporter-output>
          </reporter-output>
        </test-method> <!-- CheckTheDefaultLangugeIsEnglish -->
        <test-method signature="CheckdefaultCurrency()[pri:2, instance:homePage.myTestcases@6d9f7a80]" started-at="2024-08-20T19:22:30 EET" name="CheckdefaultCurrency" finished-at="2024-08-20T19:22:30 EET" duration-ms="26" status="PASS">
          <reporter-output>
          </reporter-output>
        </test-method> <!-- CheckdefaultCurrency -->
        <test-method signature="CheckContactNumber()[pri:3, instance:homePage.myTestcases@6d9f7a80]" started-at="2024-08-20T19:22:30 EET" name="CheckContactNumber" finished-at="2024-08-20T19:22:30 EET" duration-ms="20" status="PASS">
          <reporter-output>
          </reporter-output>
        </test-method> <!-- CheckContactNumber -->
        <test-method signature="CheckQitagLogo()[pri:4, instance:homePage.myTestcases@6d9f7a80]" started-at="2024-08-20T19:22:30 EET" name="CheckQitagLogo" finished-at="2024-08-20T19:22:30 EET" duration-ms="92" status="PASS">
          <reporter-output>
          </reporter-output>
        </test-method> <!-- CheckQitagLogo -->
        <test-method signature="TestHotelTabIsNotSelected()[pri:5, instance:homePage.myTestcases@6d9f7a80]" started-at="2024-08-20T19:22:30 EET" name="TestHotelTabIsNotSelected" finished-at="2024-08-20T19:22:30 EET" duration-ms="18" status="PASS">
          <reporter-output>
          </reporter-output>
        </test-method> <!-- TestHotelTabIsNotSelected -->
        <test-method signature="CheckDepatureDate()[pri:6, instance:homePage.myTestcases@6d9f7a80]" started-at="2024-08-20T19:22:30 EET" name="CheckDepatureDate" finished-at="2024-08-20T19:22:30 EET" duration-ms="27" status="PASS">
          <reporter-output>
          </reporter-output>
        </test-method> <!-- CheckDepatureDate -->
        <test-method signature="RandomlyChangeTheLanguage()[pri:7, instance:homePage.myTestcases@6d9f7a80]" started-at="2024-08-20T19:22:30 EET" name="RandomlyChangeTheLanguage" finished-at="2024-08-20T19:22:31 EET" duration-ms="832" status="PASS">
          <reporter-output>
          </reporter-output>
        </test-method> <!-- RandomlyChangeTheLanguage -->
        <test-method signature="FillHotelTab()[pri:8, instance:homePage.myTestcases@6d9f7a80]" started-at="2024-08-20T19:22:31 EET" name="FillHotelTab" finished-at="2024-08-20T19:22:32 EET" duration-ms="344" status="PASS">
          <reporter-output>
          </reporter-output>
        </test-method> <!-- FillHotelTab -->
        <test-method signature="RandomlySelectTheNumberOfVistor()[pri:9, instance:homePage.myTestcases@6d9f7a80]" started-at="2024-08-20T19:22:32 EET" name="RandomlySelectTheNumberOfVistor" finished-at="2024-08-20T19:22:34 EET" duration-ms="2753" status="PASS">
          <reporter-output>
          </reporter-output>
        </test-method> <!-- RandomlySelectTheNumberOfVistor -->
        <test-method signature="CheckThePageFullyLoaded()[pri:10, instance:homePage.myTestcases@6d9f7a80]" started-at="2024-08-20T19:22:34 EET" name="CheckThePageFullyLoaded" finished-at="2024-08-20T19:22:53 EET" duration-ms="18242" status="PASS">
          <reporter-output>
          </reporter-output>
        </test-method> <!-- CheckThePageFullyLoaded -->
        <test-method signature="SortItemsLowestToHighestPrice()[pri:11, instance:homePage.myTestcases@6d9f7a80]" started-at="2024-08-20T19:22:53 EET" name="SortItemsLowestToHighestPrice" description="wallah jayen nshof eza asghar s3er aqal " finished-at="2024-08-20T19:22:53 EET" duration-ms="344" status="PASS">
          <reporter-output>
          </reporter-output>
        </test-method> <!-- SortItemsLowestToHighestPrice -->
      </class> <!-- homePage.myTestcases -->
    </test> <!-- Default test -->
  </suite> <!-- Default suite -->
</testng-results>
